<?xml version="1.0" encoding="UTF-8"?>
<testng-results total="1" passed="1" failed="0" skipped="0">
  <reporter-output>
  </reporter-output>
  <suite started-at="2021-03-23T12:07:10Z" name="Default suite" finished-at="2021-03-23T12:07:10Z" duration-ms="60">
    <groups>
    </groups>
    <test started-at="2021-03-23T12:07:10Z" name="Default test" finished-at="2021-03-23T12:07:10Z" duration-ms="60">
      <class name="selenium1.NewTest">
        <test-method is-config="true" signature="beforeTest()[pri:0, instance:selenium1.NewTest@1f81aa00]" started-at="2021-03-23T17:37:10Z" name="beforeTest" finished-at="2021-03-23T17:37:10Z" duration-ms="16" status="PASS">
          <reporter-output>
          </reporter-output>
        </test-method> <!-- beforeTest -->
        <test-method is-config="true" signature="beforeClass()[pri:0, instance:selenium1.NewTest@1f81aa00]" started-at="2021-03-23T17:37:10Z" name="beforeClass" finished-at="2021-03-23T17:37:10Z" duration-ms="0" status="PASS">
          <reporter-output>
          </reporter-output>
        </test-method> <!-- beforeClass -->
        <test-method is-config="true" signature="beforeMethod()[pri:0, instance:selenium1.NewTest@1f81aa00]" started-at="2021-03-23T17:37:10Z" name="beforeMethod" finished-at="2021-03-23T17:37:10Z" duration-ms="0" status="PASS">
          <reporter-output>
          </reporter-output>
        </test-method> <!-- beforeMethod -->
        <test-method signature="f()[pri:0, instance:selenium1.NewTest@1f81aa00]" started-at="2021-03-23T17:37:10Z" name="f" finished-at="2021-03-23T17:37:10Z" duration-ms="17" status="PASS">
          <reporter-output>
          </reporter-output>
        </test-method> <!-- f -->
        <test-method is-config="true" signature="afterMethod()[pri:0, instance:selenium1.NewTest@1f81aa00]" started-at="2021-03-23T17:37:10Z" name="afterMethod" finished-at="2021-03-23T17:37:10Z" duration-ms="0" status="PASS">
          <reporter-output>
          </reporter-output>
        </test-method> <!-- afterMethod -->
        <test-method is-config="true" signature="afterClass()[pri:0, instance:selenium1.NewTest@1f81aa00]" started-at="2021-03-23T17:37:10Z" name="afterClass" finished-at="2021-03-23T17:37:10Z" duration-ms="0" status="PASS">
          <reporter-output>
          </reporter-output>
        </test-method> <!-- afterClass -->
        <test-method is-config="true" signature="afterTest()[pri:0, instance:selenium1.NewTest@1f81aa00]" started-at="2021-03-23T17:37:10Z" name="afterTest" finished-at="2021-03-23T17:37:10Z" duration-ms="0" status="PASS">
          <reporter-output>
          </reporter-output>
        </test-method> <!-- afterTest -->
      </class> <!-- selenium1.NewTest -->
    </test> <!-- Default test -->
  </suite> <!-- Default suite -->
</testng-results>
